0 info it worked if it ends with ok
1 verbose cli [ 'C:\\Program Files\\nodejs\\node.exe',
1 verbose cli   'C:\\Program Files\\nodejs\\node_modules\\npm\\bin\\npm-cli.js',
1 verbose cli   'run',
1 verbose cli   'start' ]
2 info using npm@4.1.2
3 info using node@v7.7.3
4 verbose run-script [ 'prestart', 'start', 'poststart' ]
5 info lifecycle unifide-router@0.1.0~prestart: unifide-router@0.1.0
6 silly lifecycle unifide-router@0.1.0~prestart: no script for prestart, continuing
7 info lifecycle unifide-router@0.1.0~start: unifide-router@0.1.0
8 verbose lifecycle unifide-router@0.1.0~start: unsafe-perm in lifecycle true
9 verbose lifecycle unifide-router@0.1.0~start: PATH: C:\Program Files\nodejs\node_modules\npm\bin\node-gyp-bin;C:\Produce\unifide-router\node_modules\.bin;C:\Program Files (x86)\Razer Chroma SDK\bin;C:\Program Files\Razer Chroma SDK\bin;C:\Program Files (x86)\Intel\iCLS Client\;C:\Program Files\Intel\iCLS Client\;C:\WINDOWS\system32;C:\WINDOWS;C:\WINDOWS\System32\Wbem;C:\WINDOWS\System32\WindowsPowerShell\v1.0\;C:\Program Files (x86)\Intel\Intel(R) Management Engine Components\DAL;C:\Program Files\Intel\Intel(R) Management Engine Components\DAL;C:\Program Files (x86)\Intel\Intel(R) Management Engine Components\IPT;C:\Program Files\Intel\Intel(R) Management Engine Components\IPT;C:\Program Files\nodejs\;C:\Users\anello\AppData\Local\atom\bin;C:\Users\anello\AppData\Local\Microsoft\WindowsApps;C:\Users\anello\AppData\Roaming\npm;C:\WINDOWS\system32;C:\WINDOWS;C:\WINDOWS\System32\Wbem;C:\WINDOWS\System32\WindowsPowerShell\v1.0\;C:\Program Files\OpenVPN\bin;C:\Program Files\Intel\WiFi\bin\;C:\Program Files\Common Files\Intel\WirelessCommon\;C:\Program Files\Git\cmd;C:\Users\anello\AppData\Local\atom\bin;C:\Users\anello\AppData\Local\Microsoft\WindowsApps;C:\Users\anello\AppData\Roaming\npm;
10 verbose lifecycle unifide-router@0.1.0~start: CWD: C:\Produce\unifide-router
11 silly lifecycle unifide-router@0.1.0~start: Args: [ '/d /s /c',
11 silly lifecycle   'webpack-dev-server --config ./webpack.dev.conf.js --host 0.0.0.0' ]
12 verbose stack Error: kill ENOSYS
12 verbose stack     at exports._errnoException (util.js:1033:11)
12 verbose stack     at process.kill (internal/process.js:188:13)
12 verbose stack     at process.listener (C:\Program Files\nodejs\node_modules\npm\node_modules\npmlog\node_modules\gauge\node_modules\signal-exit\index.js:95:15)
12 verbose stack     at emitNone (events.js:86:13)
12 verbose stack     at process.emit (events.js:188:7)
12 verbose stack     at processEmit (C:\Program Files\nodejs\node_modules\npm\node_modules\npmlog\node_modules\gauge\node_modules\signal-exit\index.js:155:32)
12 verbose stack     at Signal.wrap.onsignal (internal/process.js:215:44)
13 verbose cwd C:\Produce\unifide-router
14 error Windows_NT 10.0.16299
15 error argv "C:\\Program Files\\nodejs\\node.exe" "C:\\Program Files\\nodejs\\node_modules\\npm\\bin\\npm-cli.js" "run" "start"
16 error node v7.7.3
17 error npm  v4.1.2
18 error code ENOSYS
19 error errno ENOSYS
20 error syscall kill
21 error kill ENOSYS
22 error If you need help, you may report this error at:
22 error     <https://github.com/npm/npm/issues>
23 verbose exit [ 1, true ]
